<?xml version="1.0" encoding="UTF-8"?>
<!-- Generated by org.testng.reporters.JUnitReportReporter -->
<testsuite skipped="0" hostname="ip-192-168-28-113.ap-southeast-1.compute.internal" name="com.unicommerce.test.CreateSaleOrder" tests="1" failures="0" timestamp="16 Jan 2020 13:13:45 GMT" time="0.649" errors="0">
  <testcase name="createSaleOrder" time="0.649" classname="com.unicommerce.test.CreateSaleOrder"/>
</testsuite> <!-- com.unicommerce.test.CreateSaleOrder -->
